2013033000:00:01 38
2013033000:01:01 43
2013033000:02:01 191
2013033000:03:01 12
2013033000:04:01 54
2013033000:05:01 182
2013033000:06:01 43
2013033000:07:01 44
2013033000:08:01 176
2013033000:09:01 18
2013033000:10:01 38
2013033000:11:01 179
2013033000:12:01 105
2013033000:13:01 19
2013033000:14:01 179
2013033000:15:01 58
2013033000:16:01 32
2013033000:17:01 150
2013033000:18:01 147
2013033000:19:01 14
2013033000:20:01 174
2013033000:21:01 129
2013033000:22:01 18
2013033000:23:01 91
2013033000:24:01 166
2013033000:25:01 13
2013033000:26:01 169
2013033000:27:01 120
2013033000:28:01 14
2013033000:29:01 111
2013033000:30:01 120
2013033000:31:01 5
2013033000:32:01 41
2013033000:33:01 133
2013033000:34:01 9
2013033000:35:01 17
2013033000:36:01 133
2013033000:37:01 6
2013033000:38:01 11
2013033000:39:01 156
2013033000:40:01 10
2013033000:41:01 8
2013033000:42:01 139
2013033000:43:02 2
2013033000:44:01 9
2013033000:45:01 133
2013033000:46:01 5
2013033000:47:01 5
2013033000:48:02 120
2013033000:49:01 6
2013033000:50:01 7
2013033000:51:01 113
2013033000:52:01 5
2013033000:53:01 4
2013033000:54:01 104
2013033000:55:01 4
2013033000:56:01 3
2013033000:57:01 93
2013033000:58:01 6
2013033000:59:02 5
2013033001:00:01 105
2013033001:01:01 6
2013033001:02:01 4
2013033001:03:01 105
2013033001:04:01 23
2013033001:05:01 6
2013033001:06:01 110
2013033001:07:01 34
2013033001:08:01 6
2013033001:09:01 129
2013033001:10:01 50
2013033001:11:01 6
2013033001:12:01 113
2013033001:13:01 54
2013033001:14:01 6
2013033001:15:01 19
2013033001:16:01 70
2013033001:17:01 3
2013033001:18:01 6
2013033001:19:01 87
2013033001:20:01 4
2013033001:21:01 7
2013033001:22:01 86
2013033001:23:01 3
2013033001:24:01 4
2013033001:25:01 91
2013033001:26:01 5
2013033001:27:01 3
2013033001:28:01 94
2013033001:29:01 9
2013033001:30:01 6
2013033001:31:01 104
2013033001:32:01 20
2013033001:33:01 6
2013033001:34:01 116
2013033001:35:01 39
2013033001:36:01 2
2013033001:37:01 112
2013033001:38:01 39
2013033001:39:01 3
2013033001:40:01 128
2013033001:41:01 49
2013033001:42:01 5
2013033001:43:01 127
2013033001:44:01 55
2013033001:45:01 5
2013033001:46:01 128
2013033001:47:01 70
2013033001:48:01 3
2013033001:49:01 59
2013033001:50:01 71
2013033001:51:01 3
2013033001:52:01 62
2013033001:53:01 75
2013033001:54:01 13
2013033001:55:01 77
2013033001:56:01 5
2013033001:57:01 20
2013033001:58:01 68
2013033001:59:01 4
2013033002:00:01 36
2013033002:01:02 61
2013033002:02:01 4
2013033002:03:01 43
2013033002:04:01 55
2013033002:05:01 2
2013033002:06:01 46
2013033002:07:01 64
2013033002:08:01 4
2013033002:09:01 75
2013033002:10:01 57
2013033002:11:01 5
2013033002:12:01 39
2013033002:13:01 60
2013033002:14:01 4
2013033002:15:01 72
2013033002:16:01 59
2013033002:17:01 6
2013033002:18:01 10
2013033002:19:01 74
2013033002:20:01 7
2013033002:21:01 7
2013033002:22:01 73
2013033002:23:01 15
2013033002:24:01 1
2013033002:25:01 80
2013033002:26:01 12
2013033002:27:01 7
2013033002:28:01 80
2013033002:29:01 26
2013033002:30:01 5
2013033002:31:01 87
2013033002:32:01 28
2013033002:33:01 4
2013033002:34:01 90
2013033002:35:01 46
2013033002:36:01 4
2013033002:37:01 51
2013033002:38:01 46
2013033002:39:01 3
2013033002:40:01 40
2013033002:41:01 50
2013033002:42:01 5
2013033002:43:01 68
2013033002:44:02 55
2013033002:45:01 3
2013033002:46:01 48
2013033002:47:01 53
2013033002:48:01 8
2013033002:49:01 9
2013033002:50:01 61
2013033002:51:01 6
2013033002:52:01 3
2013033002:53:01 70
2013033002:54:01 17
2013033002:55:01 3
2013033002:56:01 73
2013033002:57:01 22
2013033002:58:01 3
2013033002:59:01 73
2013033003:00:01 28
2013033003:01:01 6
2013033003:02:01 76
2013033003:03:01 35
2013033003:04:01 3
2013033003:05:01 40
2013033003:06:01 46
2013033003:07:01 3
2013033003:08:01 60
2013033003:09:01 59
2013033003:10:01 2
2013033003:11:01 66
2013033003:12:01 63
2013033003:13:01 5
2013033003:14:01 4
2013033003:15:01 77
2013033003:16:01 16
2013033003:17:01 4
2013033003:18:01 2
2013033003:19:01 30
2013033003:20:01 3
2013033003:21:01 4
2013033003:22:01 37
2013033003:23:01 2
2013033003:24:01 3
2013033003:25:01 40
2013033003:26:01 3
2013033003:27:01 2
2013033003:28:01 51
2013033003:29:01 2
2013033003:30:01 4
2013033003:31:01 52
2013033003:32:01 4
2013033003:33:01 3
2013033003:34:01 53
2013033003:35:01 10
2013033003:36:01 3
2013033003:37:01 54
2013033003:38:01 20
2013033003:39:01 1
2013033003:40:01 8
2013033003:41:01 27
2013033003:42:01 3
2013033003:43:01 6
2013033003:44:01 36
2013033003:45:01 4
2013033003:46:01 4
2013033003:47:01 42
2013033003:48:01 2
2013033003:49:01 6
2013033003:50:01 48
2013033003:51:01 4
2013033003:52:01 3
2013033003:53:01 60
2013033003:54:01 4
2013033003:55:01 6
2013033003:56:01 59
2013033003:57:01 11
2013033003:58:01 1
2013033003:59:01 70
2013033004:00:01 12
2013033004:01:01 3
2013033004:02:01 70
2013033004:03:01 22
2013033004:04:01 2
2013033004:05:01 76
2013033004:06:01 30
2013033004:07:01 3
2013033004:08:01 74
2013033004:09:01 34
2013033004:10:01 3
2013033004:11:01 80
2013033004:12:01 32
2013033004:13:01 5
2013033004:14:01 87
2013033004:15:02 49
2013033004:16:01 2
2013033004:17:01 78
2013033004:18:01 49
2013033004:19:01 8
2013033004:20:01 47
2013033004:21:01 11
2013033004:22:01 13
2013033004:23:01 37
2013033004:24:01 6
2013033004:25:01 23
2013033004:26:01 12
2013033004:27:01 11
2013033004:28:01 37
2013033004:29:01 16
2013033004:30:01 4
2013033004:31:01 41
2013033004:32:01 8
2013033004:33:01 12
2013033004:34:01 45
2013033004:35:01 4
2013033004:36:01 13
2013033004:37:01 42
2013033004:38:01 10
2013033004:39:01 24
2013033004:40:01 4
2013033004:41:01 20
2013033004:42:01 27
2013033004:43:01 2
2013033004:44:01 25
2013033004:45:01 35
2013033004:46:01 1
2013033004:47:01 35
2013033004:48:01 43
2013033004:49:01 2
2013033004:50:01 50
2013033004:51:01 50
2013033004:52:01 2
2013033004:53:01 51
2013033004:54:01 14
2013033004:55:01 10
2013033004:56:01 9
2013033004:57:01 9
2013033004:58:01 17
2013033004:59:01 3
2013033005:00:01 19
2013033005:01:01 23
2013033005:02:01 2
2013033005:03:01 26
2013033005:04:01 28
2013033005:05:01 3
2013033005:06:01 39
2013033005:07:01 38
2013033005:08:01 1
2013033005:09:01 37
2013033005:10:01 44
2013033005:11:01 2
2013033005:12:01 33
2013033005:13:01 58
2013033005:14:01 4
2013033005:15:01 63
2013033005:16:01 6
2013033005:17:01 11
2013033005:18:01 13
2013033005:19:01 14
2013033005:20:01 21
2013033005:21:01 5
2013033005:22:01 22
2013033005:23:01 18
2013033005:24:01 4
2013033005:25:01 32
2013033005:26:01 30
2013033005:27:01 63
2013033005:28:01 90
2013033005:29:01 31
2013033005:30:01 4
2013033005:31:02 101
2013033005:32:01 40
2013033005:33:01 3
2013033005:34:01 95
2013033005:35:01 48
2013033005:36:01 2
2013033005:37:01 88
2013033005:38:01 48
2013033005:39:01 3
2013033005:40:01 4
2013033005:41:01 65
2013033005:42:01 3
2013033005:43:01 4
2013033005:44:01 79
2013033005:45:01 3
2013033005:46:01 3
2013033005:47:01 77
2013033005:48:01 12
2013033005:49:01 3
2013033005:50:01 17
2013033005:51:01 16
2013033005:52:01 2
2013033005:53:01 19
2013033005:54:01 31
2013033005:55:01 5
2013033005:56:01 5
2013033005:57:01 47
2013033005:58:02 1
2013033005:59:01 3
2013033006:00:01 58
2013033006:01:01 4
2013033006:02:01 4
2013033006:03:01 69
2013033006:04:02 4
2013033006:05:01 3
2013033006:06:01 91
2013033006:07:01 12
2013033006:08:01 4
2013033006:09:01 97
2013033006:10:02 20
2013033006:11:01 3
2013033006:12:01 115
2013033006:13:01 38
2013033006:14:01 4
2013033006:15:01 136
2013033006:16:01 64
2013033006:17:01 5
2013033006:18:01 156
2013033006:19:01 72
2013033006:20:01 5
2013033006:21:01 185
2013033006:22:01 83
2013033006:23:01 6
2013033006:24:01 124
2013033006:25:02 122
2013033006:26:01 5
2013033006:27:01 199
2013033006:28:01 125
2013033006:29:01 4
2013033006:30:01 123
2013033006:31:01 85
2013033006:32:01 10
2013033006:33:01 127
2013033006:34:01 42
2013033006:35:01 33
2013033006:36:01 10
2013033006:37:01 41
2013033006:38:01 55
2013033006:39:01 9
2013033006:40:01 47
2013033006:41:01 75
2013033006:42:01 6
2013033006:43:01 60
2013033006:44:01 78
2013033006:45:01 7
2013033006:46:01 71
2013033006:47:01 101
2013033006:48:02 4
2013033006:49:01 74
2013033006:50:01 107
2013033006:51:01 5
2013033006:52:01 78
2013033006:53:01 128
2013033006:54:01 5
2013033006:55:01 95
2013033006:56:01 153
2013033006:57:01 7
2013033006:58:01 114
2013033006:59:01 108
2013033007:00:01 19
2013033007:01:01 125
2013033007:02:01 15
2013033007:03:01 39
2013033007:04:01 111
2013033007:05:01 7
2013033007:06:01 62
2013033007:07:01 125
2013033007:08:02 3
2013033007:09:01 94
2013033007:10:01 112
2013033007:11:01 7
2013033007:12:01 107
2013033007:13:01 143
2013033007:14:01 8
2013033007:15:01 150
2013033007:16:01 120
2013033007:17:01 7
2013033007:18:01 184
2013033007:19:01 132
2013033007:20:01 6
2013033007:21:01 258
2013033007:22:01 121
2013033007:23:01 7
2013033007:24:01 292
2013033007:25:01 126
2013033007:26:01 7
2013033007:27:01 304
2013033007:28:01 140
2013033007:29:01 10
2013033007:30:01 291
2013033007:31:01 127
2013033007:32:01 10
2013033007:33:01 296
2013033007:34:01 158
2013033007:35:01 11
2013033007:36:01 316
2013033007:37:01 153
2013033007:38:01 8
2013033007:39:01 258
2013033007:40:01 144
2013033007:41:01 5
2013033007:42:01 222
2013033007:43:01 156
2013033007:44:01 3
2013033007:45:01 23
2013033007:46:01 174
2013033007:47:01 8
2013033007:48:01 10
2013033007:49:01 174
2013033007:50:01 9
2013033007:51:01 8
2013033007:52:01 188
2013033007:53:01 7
2013033007:54:01 14
2013033007:55:01 178
2013033007:56:01 6
2013033007:57:01 14
2013033007:58:01 181
2013033007:59:01 8
2013033008:00:01 4
2013033008:01:01 166
2013033008:02:01 6
2013033008:03:01 10
2013033008:04:01 189
2013033008:05:01 9
2013033008:06:01 6
2013033008:07:01 203
2013033008:08:01 8
2013033008:09:01 10
2013033008:10:01 189
2013033008:11:01 5
2013033008:12:01 9
2013033008:13:01 195
2013033008:14:01 9
2013033008:15:01 7
2013033008:16:01 177
2013033008:17:01 10
2013033008:18:01 8
2013033008:19:01 170
2013033008:20:01 7
2013033008:21:01 10
2013033008:22:01 168
2013033008:23:01 9
2013033008:24:01 4
2013033008:25:01 170
2013033008:26:01 5
2013033008:27:01 4
2013033008:28:02 157
2013033008:29:01 10
2013033008:30:01 9
2013033008:31:01 155
2013033008:32:01 9
2013033008:33:01 7
2013033008:34:01 157
2013033008:35:01 5
2013033008:36:01 5
2013033008:37:01 146
2013033008:38:01 13
2013033008:39:01 6
2013033008:40:01 151
2013033008:41:01 5
2013033008:42:01 7
2013033008:43:01 145
2013033008:44:01 16
2013033008:45:01 5
2013033008:46:01 134
2013033008:47:01 38
2013033008:48:01 9
2013033008:49:01 139
2013033008:50:01 52
2013033008:51:01 25
2013033008:52:01 16
2013033008:53:01 238
2013033008:54:01 15
2013033008:55:01 10
2013033008:56:01 229
2013033008:57:01 21
2013033008:58:01 8
2013033008:59:01 223
2013033009:00:01 5
2013033009:01:01 10
2013033009:02:01 239
2013033009:03:01 8
2013033009:04:01 8
2013033009:05:01 228
2013033009:06:01 9
2013033009:07:01 6
2013033009:08:01 205
2013033009:09:01 9
2013033009:10:01 6
2013033009:11:01 212
2013033009:12:01 4
2013033009:13:02 16
2013033009:14:01 211
2013033009:15:01 10
2013033009:16:01 7
2013033009:17:01 186
2013033009:18:01 7
2013033009:19:01 7
2013033009:20:01 190
2013033009:21:01 3
2013033009:22:01 9
2013033009:23:01 180
2013033009:24:01 5
2013033009:25:01 10
2013033009:26:01 152
2013033009:27:01 7
2013033009:28:01 10
2013033009:29:01 147
2013033009:30:01 6
2013033009:31:01 10
2013033009:32:01 139
2013033009:33:01 8
2013033009:34:01 9
2013033009:35:01 150
2013033009:36:01 9
2013033009:37:01 9
2013033009:38:01 163
2013033009:39:01 9
2013033009:40:01 9
2013033009:41:01 141
2013033009:42:01 7
2013033009:43:01 7
2013033009:44:01 151
2013033009:45:01 8
2013033009:46:01 10
2013033009:47:01 154
2013033009:48:01 10
2013033009:49:01 2
2013033009:50:01 163
2013033009:51:01 7
2013033009:52:01 7
2013033009:53:01 164
2013033009:54:01 9
2013033009:55:01 7
2013033009:56:01 164
2013033009:57:01 7
2013033009:58:01 5
2013033009:59:01 157
2013033010:00:01 6
2013033010:01:01 5
2013033010:02:01 177
2013033010:03:01 11
2013033010:04:01 11
2013033010:05:01 164
2013033010:06:01 3
2013033010:07:01 9
2013033010:08:01 159
2013033010:09:01 30
2013033010:10:01 7
2013033010:11:01 156
2013033010:12:01 5
2013033010:13:01 7
2013033010:14:01 151
2013033010:15:01 8
2013033010:16:01 9
2013033010:17:01 167
2013033010:18:01 8
2013033010:19:01 8
2013033010:20:01 170
2013033010:21:01 11
2013033010:22:01 10
2013033010:23:01 183
2013033010:24:01 19
2013033010:25:01 11
2013033010:26:01 200
2013033010:27:01 46
2013033010:28:01 9
2013033010:29:02 236
2013033010:30:01 45
2013033010:31:01 11
2013033010:32:01 231
2013033010:33:01 59
2013033010:34:01 12
2013033010:35:01 313
2013033010:36:01 30
2013033010:37:01 14
2013033010:38:01 261
2013033010:39:01 38
2013033010:40:01 9
2013033010:41:01 278
2013033010:42:01 6
2013033010:43:01 10
2013033010:44:01 233
2013033010:45:01 11
2013033010:46:01 11
2013033010:47:01 259
2013033010:48:01 7
2013033010:49:01 9
2013033010:50:01 211
2013033010:51:01 7
2013033010:52:01 20
2013033010:53:01 216
2013033010:54:01 10
2013033010:55:01 15
2013033010:56:01 224
2013033010:57:01 9
2013033010:58:01 431
2013033010:59:01 217
2013033011:00:01 10
2013033011:01:01 428
2013033011:02:01 192
2013033011:03:01 10
2013033011:04:01 431
2013033011:05:01 213
2013033011:06:01 10
2013033011:07:01 451
2013033011:08:01 195
2013033011:09:01 17
2013033011:10:01 425
2013033011:11:01 193
2013033011:12:01 13
2013033011:13:01 314
2013033011:14:01 182
2013033011:15:01 11
2013033011:16:01 196
2013033011:17:01 175
2013033011:18:01 7
2013033011:19:01 108
2013033011:20:01 166
2013033011:21:01 11
2013033011:22:01 98
2013033011:23:01 176
2013033011:24:01 204
2013033011:25:01 47
2013033011:26:01 169
2013033011:27:01 265
2013033011:28:01 9
2013033011:29:01 173
2013033011:30:01 252
2013033011:31:01 10
2013033011:32:01 140
2013033011:33:01 240
2013033011:34:01 10
2013033011:35:01 170
2013033011:36:01 158
2013033011:37:01 10
2013033011:38:01 321
2013033011:39:01 123
2013033011:40:01 13
2013033011:41:01 313
2013033011:42:01 99
2013033011:43:01 10
2013033011:44:01 318
2013033011:45:01 99
2013033011:46:01 12
2013033011:47:01 300
2013033011:48:01 104
2013033011:49:01 27
2013033011:50:01 169
2013033011:51:01 97
2013033011:52:01 62
2013033011:53:01 156
2013033011:54:01 89
2013033011:55:01 52
2013033011:56:01 105
2013033011:57:01 83
2013033011:58:01 28
2013033011:59:01 285
2013033012:00:01 28
2013033012:01:01 470
2013033012:02:01 286
2013033012:03:01 27
2013033012:04:01 405
2013033012:05:01 283
2013033012:06:01 6
2013033012:07:01 487
2013033012:08:01 218
2013033012:09:01 21
2013033012:10:01 455
2013033012:11:01 255
2013033012:12:01 10
2013033012:13:01 297
2013033012:14:01 256
2013033012:15:01 14
2013033012:16:01 256
2013033012:17:01 235
2013033012:18:01 5
2013033012:19:01 254
2013033012:20:01 231
2013033012:21:01 9
2013033012:22:01 202
2013033012:23:01 233
2013033012:24:01 9
2013033012:25:01 243
2013033012:26:01 228
2013033012:27:01 11
2013033012:28:01 187
2013033012:29:01 238
2013033012:30:02 14
2013033012:31:01 167
2013033012:32:01 242
2013033012:33:02 9
2013033012:34:01 168
2013033012:35:01 213
2013033012:36:02 11
2013033012:37:01 148
2013033012:38:01 223
2013033012:39:01 8
2013033012:40:01 159
2013033012:41:01 231
2013033012:42:01 9
2013033012:43:01 208
2013033012:44:01 197
2013033012:45:01 12
2013033012:46:01 203
2013033012:47:01 213
2013033012:48:01 8
2013033012:49:01 180
2013033012:50:01 213
2013033012:51:01 8
2013033012:52:01 188
2013033012:53:01 187
2013033012:54:01 18
2013033012:55:01 159
2013033012:56:01 192
2013033012:57:01 13
2013033012:58:01 165
2013033012:59:01 172
2013033013:00:01 16
2013033013:01:01 117
2013033013:02:01 165
2013033013:03:01 8
2013033013:04:01 110
2013033013:05:01 161
2013033013:06:01 15
2013033013:07:01 67
2013033013:08:01 155
2013033013:09:01 85
2013033013:10:01 68
2013033013:11:01 135
2013033013:12:01 238
2013033013:13:01 54
2013033013:14:01 127
2013033013:15:01 238
2013033013:16:01 54
2013033013:17:01 123
2013033013:18:01 264
2013033013:19:01 45
2013033013:20:01 105
2013033013:21:01 238
2013033013:22:01 41
2013033013:23:01 95
2013033013:24:01 243
2013033013:25:01 40
2013033013:26:01 73
2013033013:27:01 149
2013033013:28:01 54
2013033013:29:01 67
2013033013:30:01 154
2013033013:31:01 58
2013033013:32:01 50
2013033013:33:01 150
2013033013:34:01 60
2013033013:35:01 58
2013033013:36:01 158
2013033013:37:01 61
2013033013:38:01 51
2013033013:39:01 160
2013033013:40:01 121
2013033013:41:01 42
2013033013:42:01 296
2013033013:43:01 229
2013033013:44:01 31
2013033013:45:01 292
2013033013:46:01 226
2013033013:47:01 26
2013033013:48:01 476
2013033013:49:01 224
2013033013:50:01 5
2013033013:51:01 459
2013033013:52:01 216
2013033013:53:01 6
2013033013:54:01 414
2013033013:55:01 160
2013033013:56:01 11
2013033013:57:01 382
2013033013:58:01 167
2013033013:59:01 6
2013033014:00:01 345
2013033014:01:01 170
2013033014:02:01 11
2013033014:03:01 361
2013033014:04:01 162
2013033014:05:01 12
2013033014:06:01 346
2013033014:07:01 157
2013033014:08:01 10
2013033014:09:01 367
2013033014:10:01 164
2013033014:11:01 7
2013033014:12:01 363
2013033014:13:01 168
2013033014:14:01 11
2013033014:15:01 388
2013033014:16:01 166
2013033014:17:01 9
2013033014:18:01 370
2013033014:19:01 147
2013033014:20:01 9
2013033014:21:01 367
2013033014:22:01 154
2013033014:23:01 11
2013033014:24:01 354
2013033014:25:01 139
2013033014:26:01 7
2013033014:27:01 205
2013033014:28:01 143
2013033014:29:01 9
2013033014:30:01 229
2013033014:31:01 152
2013033014:32:01 12
2013033014:33:01 155
2013033014:34:01 131
2013033014:35:01 12
2013033014:36:01 181
2013033014:37:01 115
2013033014:38:01 15
2013033014:39:02 114
2013033014:40:01 113
2013033014:41:01 11
2013033014:42:01 107
2013033014:43:01 105
2013033014:44:01 11
2013033014:45:01 93
2013033014:46:01 109
2013033014:47:01 12
2013033014:48:01 101
2013033014:49:01 108
2013033014:50:01 21
2013033014:51:01 70
2013033014:52:01 120
2013033014:53:01 32
2013033014:54:01 91
2013033014:55:01 110
2013033014:56:01 31
2013033014:57:01 69
2013033014:58:01 104
2013033014:59:01 11
2013033015:00:01 81
2013033015:01:01 100
2013033015:02:01 31
2013033015:03:01 67
2013033015:04:01 95
2013033015:05:01 282
2013033015:06:01 102
2013033015:07:01 95
2013033015:08:01 235
2013033015:09:01 73
2013033015:10:01 93
2013033015:11:01 243
2013033015:12:01 38
2013033015:13:01 70
2013033015:14:01 244
2013033015:15:01 53
2013033015:16:01 82
2013033015:17:01 231
2013033015:18:01 62
2013033015:19:01 66
2013033015:20:01 240
2013033015:21:01 48
2013033015:22:01 60
2013033015:23:01 247
2013033015:24:01 51
2013033015:25:01 51
2013033015:26:01 247
2013033015:27:01 62
2013033015:28:01 44
2013033015:29:01 131
2013033015:30:01 217
2013033015:31:01 29
2013033015:32:01 148
2013033015:33:01 226
2013033015:34:01 30
2013033015:35:01 173
2013033015:36:01 259
2013033015:37:01 13
2013033015:38:01 454
2013033015:39:01 232
2013033015:40:01 11
2013033015:41:01 417
2013033015:42:01 215
2013033015:43:01 8
2013033015:44:01 423
2013033015:45:01 212
2013033015:46:01 8
2013033015:47:01 427
2013033015:48:01 197
2013033015:49:01 8
2013033015:50:01 391
2013033015:51:01 161
2013033015:52:01 14
2013033015:53:01 390
2013033015:54:01 179
2013033015:55:01 8
2013033015:56:01 352
2013033015:57:01 168
2013033015:58:01 6
2013033015:59:01 417
2013033016:00:01 171
2013033016:01:01 7
2013033016:02:01 421
2013033016:03:01 181
2013033016:04:01 10
2013033016:05:01 338
2013033016:06:01 169
2013033016:07:01 14
2013033016:08:01 370
2013033016:09:01 156
2013033016:10:01 5
2013033016:11:01 395
2013033016:12:01 152
2013033016:13:01 19
2013033016:14:01 359
2013033016:15:01 172
2013033016:16:01 16
2013033016:17:01 350
2013033016:18:01 138
2013033016:19:01 31
2013033016:20:01 330
2013033016:21:01 142
2013033016:22:01 25
2013033016:23:01 343
2013033016:24:01 133
2013033016:25:01 28
2013033016:26:01 350
2013033016:27:01 131
2013033016:28:01 40
2013033016:29:01 323
2013033016:30:01 121
2013033016:31:02 29
2013033016:32:01 133
2013033016:33:01 107
2013033016:34:01 26
2013033016:35:01 127
2013033016:36:01 95
2013033016:37:01 95
2013033016:38:01 70
2013033016:39:01 85
2013033016:40:01 211
2013033016:41:01 67
2013033016:42:01 81
2013033016:43:01 197
2013033016:44:01 70
2013033016:45:01 75
2013033016:46:01 277
2013033016:47:01 87
2013033016:48:01 71
2013033016:49:01 167
2013033016:50:01 224
2013033016:51:01 52
2013033016:52:01 262
2013033016:53:01 239
2013033016:54:01 48
2013033016:55:01 244
2013033016:56:01 242
2013033016:57:01 32
2013033016:58:01 246
2013033016:59:01 246
2013033017:00:01 29
2013033017:01:01 279
2013033017:02:01 249
2013033017:03:01 22
2013033017:04:01 289
2013033017:05:01 228
2013033017:06:01 28
2013033017:07:01 275
2013033017:08:01 226
2013033017:09:01 34
2013033017:10:01 209
2013033017:11:01 199
2013033017:12:01 9
2013033017:13:01 186
2013033017:14:01 228
2013033017:15:01 25
2013033017:16:01 150
2013033017:17:01 212
2013033017:18:01 28
2013033017:19:01 169
2013033017:20:01 205
2013033017:21:01 20
2013033017:22:01 154
2013033017:23:01 206
2013033017:24:01 27
2013033017:25:01 162
2013033017:26:01 218
2013033017:27:01 27
2013033017:28:01 151
2013033017:29:01 207
2013033017:30:01 12
2013033017:31:01 225
2013033017:32:01 184
2013033017:33:01 26
2013033017:34:01 216
2013033017:35:01 187
2013033017:36:01 27
2013033017:37:01 360
2013033017:38:01 169
2013033017:39:01 32
2013033017:40:01 375
2013033017:41:01 167
2013033017:42:01 39
2013033017:43:01 388
2013033017:44:01 139
2013033017:45:01 12
2013033017:46:01 335
2013033017:47:01 135
2013033017:48:01 34
2013033017:49:01 358
2013033017:50:01 128
2013033017:51:01 31
2013033017:52:01 179
2013033017:53:01 118
2013033017:54:01 45
2013033017:55:01 180
2013033017:56:01 108
2013033017:57:01 63
2013033017:58:01 127
2013033017:59:01 80
2013033018:00:01 44
2013033018:01:01 129
2013033018:02:01 57
2013033018:03:01 279
2013033018:04:01 70
2013033018:05:01 77
2013033018:06:01 182
2013033018:07:01 231
2013033018:08:01 49
2013033018:09:01 220
2013033018:10:01 287
2013033018:11:01 35
2013033018:12:01 345
2013033018:13:01 311
2013033018:14:01 29
2013033018:15:01 179
2013033018:16:01 265
2013033018:17:01 28
2013033018:18:01 288
2013033018:19:01 281
2013033018:20:01 32
2013033018:21:01 283
2013033018:22:02 303
2013033018:23:01 23
2013033018:24:01 37
2013033018:25:01 193
2013033018:26:01 26
2013033018:27:01 28
2013033018:28:01 178
2013033018:29:01 19
2013033018:30:01 20
2013033018:31:01 195
2013033018:32:01 21
2013033018:33:01 17
2013033018:34:01 195
2013033018:35:01 8
2013033018:36:01 9
2013033018:37:01 184
2013033018:38:01 10
2013033018:39:01 9
2013033018:40:01 186
2013033018:41:01 11
2013033018:42:01 13
2013033018:43:01 169
2013033018:44:01 7
2013033018:45:01 11
2013033018:46:01 175
2013033018:47:01 10
2013033018:48:01 7
2013033018:49:01 198
2013033018:50:01 8
2013033018:51:01 10
2013033018:52:01 192
2013033018:53:01 8
2013033018:54:01 9
2013033018:55:01 187
2013033018:56:01 7
2013033018:57:02 7
2013033018:58:01 188
2013033018:59:01 8
2013033019:00:01 12
2013033019:01:01 178
2013033019:02:01 7
2013033019:03:01 7
2013033019:04:01 173
2013033019:05:01 15
2013033019:06:01 8
2013033019:07:01 180
2013033019:08:01 5
2013033019:09:01 16
2013033019:10:01 185
2013033019:11:01 7
2013033019:12:01 9
2013033019:13:01 185
2013033019:14:01 10
2013033019:15:01 10
2013033019:16:01 192
2013033019:17:01 10
2013033019:18:01 15
2013033019:19:01 190
2013033019:20:01 10
2013033019:21:01 11
2013033019:22:01 213
2013033019:23:01 9
2013033019:24:01 6
2013033019:25:01 245
2013033019:26:01 10
2013033019:27:01 79
2013033019:28:01 240
2013033019:29:01 10
2013033019:30:01 65
2013033019:31:01 228
2013033019:32:01 12
2013033019:33:01 340
2013033019:34:01 217
2013033019:35:01 6
2013033019:36:01 370
2013033019:37:01 213
2013033019:38:01 8
2013033019:39:01 437
2013033019:40:01 187
2013033019:41:01 12
2013033019:42:01 479
2013033019:43:01 193
2013033019:44:01 14
2013033019:45:01 450
2013033019:46:01 150
2013033019:47:01 8
2013033019:48:01 397
2013033019:49:01 139
2013033019:50:01 12
2013033019:51:01 390
2013033019:52:01 105
2013033019:53:01 12
2013033019:54:01 359
2013033019:55:01 73
2013033019:56:01 15
2013033019:57:01 354
2013033019:58:01 37
2013033019:59:01 216
2013033020:00:01 336
2013033020:01:01 15
2013033020:02:01 451
2013033020:03:01 353
2013033020:04:01 7
2013033020:05:01 453
2013033020:06:02 307
2013033020:07:01 8
2013033020:08:01 295
2013033020:09:01 289
2013033020:10:01 17
2013033020:11:01 146
2013033020:12:01 260
2013033020:13:01 19
2013033020:14:01 78
2013033020:15:01 250
2013033020:16:01 320
2013033020:17:01 10
2013033020:18:01 220
2013033020:19:01 316
2013033020:20:01 17
2013033020:21:01 223
2013033020:22:01 300
2013033020:23:01 10
2013033020:24:01 171
2013033020:25:01 264
2013033020:26:02 15
2013033020:27:01 166
2013033020:28:01 261
2013033020:29:01 23
2013033020:30:01 101
2013033020:31:01 223
2013033020:32:01 56
2013033020:33:01 87
2013033020:34:01 201
2013033020:35:01 336
2013033020:36:01 22
2013033020:37:01 169
2013033020:38:01 333
2013033020:39:01 17
2013033020:40:01 167
2013033020:41:01 335
2013033020:42:01 10
2013033020:43:01 152
2013033020:44:01 330
2013033020:45:01 14
2013033020:46:01 110
2013033020:47:01 306
2013033020:48:01 22
2013033020:49:01 107
2013033020:50:01 317
2013033020:51:01 92
2013033020:52:01 74
2013033020:53:01 258
2013033020:54:01 200
2013033020:55:01 47
2013033020:56:01 258
2013033020:57:01 292
2013033020:58:01 17
2013033020:59:01 202
2013033021:00:01 328
2013033021:01:01 14
2013033021:02:01 199
2013033021:03:01 335
2013033021:04:01 12
2013033021:05:01 149
2013033021:06:01 314
2013033021:07:01 9
2013033021:08:01 145
2013033021:09:01 303
2013033021:10:01 11
2013033021:11:01 115
2013033021:12:01 274
2013033021:13:01 27
2013033021:14:01 91
2013033021:15:01 260
2013033021:16:01 179
2013033021:17:01 45
2013033021:18:01 270
2013033021:19:01 298
2013033021:20:01 34
2013033021:21:01 232
2013033021:22:01 360
2013033021:23:01 20
2013033021:24:01 147
2013033021:25:01 341
2013033021:26:01 15
2013033021:27:01 117
2013033021:28:01 329
2013033021:29:01 66
2013033021:30:01 89
2013033021:31:01 302
2013033021:32:01 67
2013033021:33:01 75
2013033021:34:01 281
2013033021:35:01 303
2013033021:36:01 35
2013033021:37:01 252
2013033021:38:01 359
2013033021:39:01 15
2013033021:40:01 219
2013033021:41:01 366
2013033021:42:01 12
2013033021:43:01 166
2013033021:44:01 319
2013033021:45:01 12
2013033021:46:01 151
2013033021:47:01 315
2013033021:48:01 32
2013033021:49:01 102
2013033021:50:01 277
2013033021:51:01 68
2013033021:52:01 80
2013033021:53:01 199
2013033021:54:01 309
2013033021:55:01 30
2013033021:56:01 184
2013033021:57:02 347
2013033021:58:01 11
2013033021:59:01 78
2013033022:00:01 345
2013033022:01:01 254
2013033022:02:02 58
2013033022:03:01 160
2013033022:04:01 328
2013033022:05:01 15
2013033022:06:01 341
2013033022:07:01 297
2013033022:08:01 12
2013033022:09:01 309
2013033022:10:01 293
2013033022:11:01 13
2013033022:12:01 258
2013033022:13:01 257
2013033022:14:01 16
2013033022:15:01 190
2013033022:16:01 261
2013033022:17:01 15
2013033022:18:01 178
2013033022:19:01 235
2013033022:20:01 12
2013033022:21:01 168
2013033022:22:01 217
2013033022:23:01 19
2013033022:24:01 131
2013033022:25:01 185
2013033022:26:01 8
2013033022:27:01 117
2013033022:28:01 184
2013033022:29:01 33
2013033022:30:01 68
2013033022:31:01 162
2013033022:32:01 281
2013033022:33:01 51
2013033022:34:01 137
2013033022:35:01 353
2013033022:36:01 11
2013033022:37:01 112
2013033022:38:01 313
2013033022:39:01 16
2013033022:40:01 119
2013033022:41:01 319
2013033022:42:01 38
2013033022:43:01 88
2013033022:44:01 288
2013033022:45:01 37
2013033022:46:01 61
2013033022:47:01 276
2013033022:48:01 319
2013033022:49:01 9
2013033022:50:01 203
2013033022:51:01 327
2013033022:52:01 8
2013033022:53:01 188
2013033022:54:01 296
2013033022:55:01 14
2013033022:56:01 170
2013033022:57:01 309
2013033022:58:01 9
2013033022:59:01 151
2013033023:00:01 260
2013033023:01:01 11
2013033023:02:01 129
2013033023:03:01 260
2013033023:04:01 11
2013033023:05:01 125
2013033023:06:01 250
2013033023:07:01 17
2013033023:08:01 93
2013033023:09:01 227
2013033023:10:01 29
2013033023:11:01 82
2013033023:12:01 212
2013033023:13:01 20
2013033023:14:01 75
2013033023:15:01 197
2013033023:16:01 71
2013033023:17:01 62
2013033023:18:01 196
2013033023:19:01 273
2013033023:20:01 24
2013033023:21:01 165
2013033023:22:01 277
2013033023:23:01 12
2013033023:24:01 154
2013033023:25:01 253
2013033023:26:01 9
2013033023:27:01 153
2013033023:28:01 260
2013033023:29:01 9
2013033023:30:01 134
2013033023:31:01 244
2013033023:32:01 11
2013033023:33:01 129
2013033023:34:01 235
2013033023:35:01 11
2013033023:36:01 113
2013033023:37:01 203
2013033023:38:01 23
2013033023:39:01 115
2013033023:40:01 212
2013033023:41:01 10
2013033023:42:01 100
2013033023:43:01 181
2013033023:44:01 10
2013033023:45:01 92
2013033023:46:01 189
2013033023:47:01 14
2013033023:48:01 84
2013033023:49:01 144
2013033023:50:01 26
2013033023:51:01 79
2013033023:52:01 129
2013033023:53:01 6
2013033023:54:01 69
2013033023:55:01 112
2013033023:56:01 8
2013033023:57:01 63
2013033023:58:01 105
2013033023:59:01 90
