2013033100:00:01 32
2013033100:01:01 76
2013033100:02:01 193
2013033100:03:01 30
2013033100:04:01 71
2013033100:05:01 196
2013033100:06:01 21
2013033100:07:01 73
2013033100:08:01 162
2013033100:09:01 44
2013033100:10:01 78
2013033100:11:01 169
2013033100:12:01 30
2013033100:13:01 58
2013033100:14:01 151
2013033100:15:01 30
2013033100:16:01 64
2013033100:17:01 167
2013033100:18:01 35
2013033100:19:01 61
2013033100:20:01 40
2013033100:21:01 28
2013033100:22:01 60
2013033100:23:01 137
2013033100:24:01 32
2013033100:25:01 57
2013033100:26:01 38
2013033100:27:01 34
2013033100:28:01 65
2013033100:29:01 45
2013033100:30:01 29
2013033100:31:01 69
2013033100:32:01 7
2013033100:33:02 46
2013033100:34:01 65
2013033100:35:01 15
2013033100:36:01 50
2013033100:37:01 75
2013033100:38:01 10
2013033100:39:01 51
2013033100:40:01 77
2013033100:41:01 5
2013033100:42:01 47
2013033100:43:01 76
2013033100:44:01 6
2013033100:45:01 39
2013033100:46:01 81
2013033100:47:01 5
2013033100:48:01 56
2013033100:49:01 84
2013033100:50:01 7
2013033100:51:01 63
2013033100:52:02 88
2013033100:53:01 7
2013033100:54:01 58
2013033100:55:01 90
2013033100:56:01 7
2013033100:57:01 63
2013033100:58:01 90
2013033100:59:01 18
2013033101:00:01 52
2013033101:01:01 95
2013033101:02:01 8
2013033101:03:01 53
2013033101:04:01 106
2013033101:05:01 5
2013033101:06:01 52
2013033101:07:01 91
2013033101:08:01 6
2013033101:09:01 48
2013033101:10:01 96
2013033101:11:01 6
2013033101:12:01 44
2013033101:13:01 96
2013033101:14:01 4
2013033101:15:01 53
2013033101:16:01 96
2013033101:17:01 9
2013033101:18:01 68
2013033101:19:01 87
2013033101:20:01 21
2013033101:21:01 77
2013033101:22:01 14
2013033101:23:01 26
2013033101:24:01 77
2013033101:25:01 7
2013033101:26:01 26
2013033101:27:01 89
2013033101:28:01 5
2013033101:29:01 31
2013033101:30:01 73
2013033101:31:01 4
2013033101:32:01 43
2013033101:33:01 75
2013033101:34:01 6
2013033101:35:01 37
2013033101:36:01 65
2013033101:37:01 9
2013033101:38:01 47
2013033101:39:01 8
2013033101:40:02 21
2013033101:41:01 53
2013033101:42:01 5
2013033101:43:01 29
2013033101:44:01 62
2013033101:45:01 6
2013033101:46:01 37
2013033101:47:01 57
2013033101:48:01 6
2013033101:49:01 29
2013033101:50:01 64
2013033101:51:01 3
2013033101:52:01 39
2013033101:53:01 53
2013033101:54:01 8
2013033101:55:01 41
2013033101:56:02 54
2013033101:57:01 4
2013033101:58:01 41
2013033101:59:01 70
2013033102:00:01 99
2013033102:01:01 48
2013033102:02:01 60
2013033102:03:01 6
2013033102:04:01 45
2013033102:05:01 59
2013033102:06:01 6
2013033102:07:02 53
2013033102:08:01 62
2013033102:09:01 5
2013033102:10:01 53
2013033102:11:01 68
2013033102:12:01 4
2013033102:13:02 60
2013033102:14:01 62
2013033102:15:01 2
2013033102:16:01 42
2013033102:17:01 64
2013033102:18:01 2
2013033102:19:01 56
2013033102:20:01 66
2013033102:21:01 5
2013033102:22:01 66
2013033102:23:01 60
2013033102:24:01 3
2013033102:25:01 52
2013033102:26:01 24
2013033102:27:01 11
2013033102:28:01 7
2013033102:29:01 79
2013033102:30:01 4
2013033102:31:01 2
2013033102:32:01 71
2013033102:33:02 13
2013033102:34:01 4
2013033102:35:01 75
2013033102:36:01 18
2013033102:37:01 5
2013033102:38:01 76
2013033102:39:01 20
2013033102:40:01 5
2013033102:41:01 74
2013033102:42:01 25
2013033102:43:01 3
2013033102:44:01 77
2013033102:45:01 35
2013033102:46:01 4
2013033102:47:01 78
2013033102:48:01 38
2013033102:49:01 4
2013033102:50:01 70
2013033102:51:01 48
2013033102:52:01 5
2013033102:53:01 15
2013033102:54:01 52
2013033102:55:01 2
2013033102:56:01 4
2013033102:57:01 62
2013033102:58:01 2
2013033102:59:01 3
2013033103:00:01 52
2013033103:01:01 6
2013033103:02:01 4
2013033103:03:01 57
2013033103:04:01 11
2013033103:05:01 3
2013033103:06:01 60
2013033103:07:01 19
2013033103:08:01 3
2013033103:09:01 69
2013033103:10:01 30
2013033103:11:01 4
2013033103:12:01 65
2013033103:13:01 24
2013033103:14:01 4
2013033103:15:01 63
2013033103:16:01 30
2013033103:17:01 3
2013033103:18:01 72
2013033103:19:01 35
2013033103:20:01 2
2013033103:21:01 75
2013033103:22:01 44
2013033103:23:01 2
2013033103:24:01 5
2013033103:25:01 43
2013033103:26:01 2
2013033103:27:01 3
2013033103:28:01 39
2013033103:29:01 2
2013033103:30:01 2
2013033103:31:01 54
2013033103:32:01 5
2013033103:33:01 2
2013033103:34:01 50
2013033103:35:01 9
2013033103:36:01 4
2013033103:37:01 57
2013033103:38:01 19
2013033103:39:01 2
2013033103:40:01 56
2013033103:41:01 17
2013033103:42:01 2
2013033103:43:01 55
2013033103:44:01 19
2013033103:45:01 3
2013033103:46:01 68
2013033103:47:01 21
2013033103:48:01 3
2013033103:49:01 52
2013033103:50:01 30
2013033103:51:01 4
2013033103:52:01 7
2013033103:53:01 30
2013033103:54:01 4
2013033103:55:01 2
2013033103:56:01 27
2013033103:57:01 4
2013033103:58:01 2
2013033103:59:01 40
2013033104:00:01 3
2013033104:01:01 3
2013033104:02:01 43
2013033104:03:01 2
2013033104:04:01 3
2013033104:05:01 41
2013033104:06:01 4
2013033104:07:01 1
2013033104:08:01 46
2013033104:09:01 2
2013033104:10:01 1
2013033104:11:01 45
2013033104:12:01 4
2013033104:13:01 2
2013033104:14:01 38
2013033104:15:01 13
2013033104:16:01 1
2013033104:17:01 4
2013033104:18:01 20
2013033104:19:01 4
2013033104:20:01 4
2013033104:21:01 22
2013033104:22:01 3
2013033104:23:01 2
2013033104:24:01 24
2013033104:25:01 2
2013033104:26:01 4
2013033104:27:01 30
2013033104:28:01 3
2013033104:29:01 2
2013033104:30:01 36
2013033104:31:01 4
2013033104:32:01 3
2013033104:33:01 39
2013033104:34:01 3
2013033104:35:01 4
2013033104:36:01 41
2013033104:37:01 3
2013033104:38:01 3
2013033104:39:01 53
2013033104:40:01 3
2013033104:41:01 4
2013033104:42:01 47
2013033104:43:01 13
2013033104:44:01 3
2013033104:45:01 12
2013033104:46:01 15
2013033104:47:01 5
2013033104:48:01 4
2013033104:49:01 24
2013033104:50:01 3
2013033104:51:01 4
2013033104:52:01 33
2013033104:53:01 2
2013033104:54:01 3
2013033104:55:01 43
2013033104:56:01 2
2013033104:57:01 3
2013033104:58:01 37
2013033104:59:01 5
2013033105:00:01 1
2013033105:01:01 48
2013033105:02:01 4
2013033105:03:01 3
2013033105:04:01 60
2013033105:05:01 3
2013033105:06:01 3
2013033105:07:01 54
2013033105:08:01 7
2013033105:09:01 3
2013033105:10:01 67
2013033105:11:01 16
2013033105:12:01 4
2013033105:13:01 56
2013033105:14:01 29
2013033105:15:01 3
2013033105:16:01 10
2013033105:17:01 31
2013033105:18:01 2
2013033105:19:01 4
2013033105:20:01 37
2013033105:21:01 4
2013033105:22:01 3
2013033105:23:01 50
2013033105:24:01 1
2013033105:25:01 3
2013033105:26:01 51
2013033105:27:01 3
2013033105:28:01 3
2013033105:29:01 64
2013033105:30:01 7
2013033105:31:01 2
2013033105:32:01 73
2013033105:33:01 13
2013033105:34:01 4
2013033105:35:01 71
2013033105:36:01 25
2013033105:37:01 1
2013033105:38:01 82
2013033105:39:01 31
2013033105:40:01 4
2013033105:41:01 98
2013033105:42:02 46
2013033105:43:01 6
2013033105:44:01 97
2013033105:45:01 51
2013033105:46:01 2
2013033105:47:01 100
2013033105:48:02 65
2013033105:49:01 3
2013033105:50:01 130
2013033105:51:01 78
2013033105:52:01 2
2013033105:53:01 62
2013033105:54:02 24
2013033105:55:01 9
2013033105:56:01 55
2013033105:57:01 19
2013033105:58:01 30
2013033105:59:01 4
2013033106:00:01 30
2013033106:01:01 44
2013033106:02:01 8
2013033106:03:01 39
2013033106:04:01 58
2013033106:05:01 7
2013033106:06:01 47
2013033106:07:01 77
2013033106:08:01 6
2013033106:09:01 50
2013033106:10:01 80
2013033106:11:01 5
2013033106:12:01 61
2013033106:13:01 106
2013033106:14:01 1
2013033106:15:01 61
2013033106:16:01 86
2013033106:17:01 9
2013033106:18:01 86
2013033106:19:01 8
2013033106:20:01 31
2013033106:21:01 94
2013033106:22:01 9
2013033106:23:01 43
2013033106:24:01 100
2013033106:25:01 6
2013033106:26:01 63
2013033106:27:01 110
2013033106:28:01 8
2013033106:29:01 89
2013033106:30:01 128
2013033106:31:01 6
2013033106:32:01 97
2013033106:33:01 123
2013033106:34:01 4
2013033106:35:01 121
2013033106:36:01 133
2013033106:37:01 8
2013033106:38:01 131
2013033106:39:01 103
2013033106:40:01 25
2013033106:41:01 150
2013033106:42:01 14
2013033106:43:01 38
2013033106:44:01 144
2013033106:45:01 18
2013033106:46:01 43
2013033106:47:01 32
2013033106:48:01 44
2013033106:49:01 54
2013033106:50:01 9
2013033106:51:01 63
2013033106:52:01 73
2013033106:53:01 7
2013033106:54:01 67
2013033106:55:01 80
2013033106:56:01 7
2013033106:57:02 110
2013033106:58:01 91
2013033106:59:01 6
2013033107:00:01 112
2013033107:01:01 98
2013033107:02:01 4
2013033107:03:01 132
2013033107:04:01 108
2013033107:05:01 5
2013033107:06:01 164
2013033107:07:01 118
2013033107:08:01 7
2013033107:09:02 187
2013033107:10:01 121
2013033107:11:01 6
2013033107:12:01 195
2013033107:13:01 146
2013033107:14:01 10
2013033107:15:01 310
2013033107:16:01 158
2013033107:17:01 9
2013033107:18:01 300
2013033107:19:01 142
2013033107:20:01 9
2013033107:21:01 312
2013033107:22:01 161
2013033107:23:01 6
2013033107:24:01 328
2013033107:25:01 169
2013033107:26:01 6
2013033107:27:01 343
2013033107:28:01 151
2013033107:29:01 5
2013033107:30:01 338
2013033107:31:01 161
2013033107:32:01 3
2013033107:33:01 340
2013033107:34:01 170
2013033107:35:01 4
2013033107:36:01 166
2013033107:37:01 166
2013033107:38:01 6
2013033107:39:01 209
2013033107:40:01 183
2013033107:41:02 10
2013033107:42:01 204
2013033107:43:01 174
2013033107:44:01 11
2013033107:45:01 211
2013033107:46:01 158
2013033107:47:01 6
2013033107:48:01 210
2013033107:49:01 158
2013033107:50:01 7
2013033107:51:01 334
2013033107:52:01 146
2013033107:53:01 7
2013033107:54:01 329
2013033107:55:01 150
2013033107:56:01 7
2013033107:57:01 332
2013033107:58:01 133
2013033107:59:01 8
2013033108:00:01 334
2013033108:01:01 149
2013033108:02:01 6
2013033108:03:01 353
2013033108:04:01 141
2013033108:05:01 9
2013033108:06:01 359
2013033108:07:01 147
2013033108:08:01 11
2013033108:09:01 349
2013033108:10:01 134
2013033108:11:01 8
2013033108:12:01 314
2013033108:13:01 132
2013033108:14:01 4
2013033108:15:01 329
2013033108:16:01 119
2013033108:17:01 10
2013033108:18:01 301
2013033108:19:01 122
2013033108:20:01 10
2013033108:21:01 319
2013033108:22:01 109
2013033108:23:01 7
2013033108:24:02 300
2013033108:25:01 110
2013033108:26:01 6
2013033108:27:01 285
2013033108:28:01 95
2013033108:29:01 11
2013033108:30:01 301
2013033108:31:01 94
2013033108:32:01 10
2013033108:33:01 277
2013033108:34:01 71
2013033108:35:01 6
2013033108:36:01 261
2013033108:37:01 66
2013033108:38:01 9
2013033108:39:01 250
2013033108:40:02 47
2013033108:41:01 11
2013033108:42:01 246
2013033108:43:01 50
2013033108:44:01 11
2013033108:45:01 240
2013033108:46:01 24
2013033108:47:01 12
2013033108:48:01 240
2013033108:49:01 18
2013033108:50:01 6
2013033108:51:01 240
2013033108:52:01 6
2013033108:53:01 7
2013033108:54:01 220
2013033108:55:01 8
2013033108:56:01 10
2013033108:57:01 213
2013033108:58:01 10
2013033108:59:01 8
2013033109:00:01 208
2013033109:01:01 7
2013033109:02:01 9
2013033109:03:01 197
2013033109:04:01 6
2013033109:05:01 14
2013033109:06:01 200
2013033109:07:01 10
2013033109:08:01 10
2013033109:09:01 169
2013033109:10:01 12
2013033109:11:01 26
2013033109:12:01 171
2013033109:13:01 8
2013033109:14:01 33
2013033109:15:01 179
2013033109:16:01 8
2013033109:17:01 261
2013033109:18:01 160
2013033109:19:01 8
2013033109:20:01 257
2013033109:21:01 166
2013033109:22:01 9
2013033109:23:01 327
2013033109:24:01 154
2013033109:25:01 8
2013033109:26:02 343
2013033109:27:01 158
2013033109:28:01 7
2013033109:29:01 328
2013033109:30:01 139
2013033109:31:01 9
2013033109:32:01 332
2013033109:33:01 128
2013033109:34:01 7
2013033109:35:01 320
2013033109:36:01 137
2013033109:37:01 9
2013033109:38:01 325
2013033109:39:01 117
2013033109:40:01 10
2013033109:41:01 298
2013033109:42:01 124
2013033109:43:01 7
2013033109:44:01 318
2013033109:45:01 113
2013033109:46:01 12
2013033109:47:01 319
2013033109:48:01 108
2013033109:49:01 14
2013033109:50:01 329
2013033109:51:01 95
2013033109:52:01 14
2013033109:53:01 309
2013033109:54:01 77
2013033109:55:01 12
2013033109:56:01 280
2013033109:57:01 73
2013033109:58:01 20
2013033109:59:01 297
2013033110:00:01 63
2013033110:01:01 20
2013033110:02:01 280
2013033110:03:01 45
2013033110:04:01 11
2013033110:05:01 288
2013033110:06:01 45
2013033110:07:01 19
2013033110:08:01 271
2013033110:09:01 40
2013033110:10:01 19
2013033110:11:01 262
2013033110:12:01 21
2013033110:13:01 16
2013033110:14:01 268
2013033110:15:01 11
2013033110:16:01 23
2013033110:17:01 254
2013033110:18:01 7
2013033110:19:01 48
2013033110:20:01 257
2013033110:21:01 9
2013033110:22:01 90
2013033110:23:01 249
2013033110:24:01 11
2013033110:25:01 64
2013033110:26:01 230
2013033110:27:01 10
2013033110:28:01 47
2013033110:29:01 226
2013033110:30:01 6
2013033110:31:01 68
2013033110:32:01 218
2013033110:33:01 9
2013033110:34:01 69
2013033110:35:01 209
2013033110:36:01 8
2013033110:37:01 379
2013033110:38:01 206
2013033110:39:01 8
2013033110:40:01 315
2013033110:41:01 169
2013033110:42:01 8
2013033110:43:01 340
2013033110:44:01 158
2013033110:45:01 8
2013033110:46:01 313
2013033110:47:01 157
2013033110:48:01 13
2013033110:49:01 318
2013033110:50:01 135
2013033110:51:01 8
2013033110:52:01 261
2013033110:53:01 107
2013033110:54:01 7
2013033110:55:01 248
2013033110:56:01 97
2013033110:57:01 7
2013033110:58:01 228
2013033110:59:01 93
2013033111:00:01 6
2013033111:01:01 246
2013033111:02:01 87
2013033111:03:01 9
2013033111:04:01 216
2013033111:05:01 73
2013033111:06:01 9
2013033111:07:01 219
2013033111:08:01 52
2013033111:09:01 23
2013033111:10:01 237
2013033111:11:01 64
2013033111:12:01 9
2013033111:13:01 198
2013033111:14:01 52
2013033111:15:01 8
2013033111:16:01 192
2013033111:17:01 40
2013033111:18:01 4
2013033111:19:01 185
2013033111:20:01 30
2013033111:21:01 9
2013033111:22:01 175
2013033111:23:01 33
2013033111:24:01 10
2013033111:25:01 182
2013033111:26:01 24
2013033111:27:01 12
2013033111:28:01 180
2013033111:29:01 12
2013033111:30:01 10
2013033111:31:01 227
2013033111:32:01 10
2013033111:33:01 8
2013033111:34:01 200
2013033111:35:01 7
2013033111:36:01 7
2013033111:37:01 214
2013033111:38:01 7
2013033111:39:02 8
2013033111:40:01 192
2013033111:41:01 12
2013033111:42:01 12
2013033111:43:01 183
2013033111:44:01 11
2013033111:45:01 50
2013033111:46:01 124
2013033111:47:01 15
2013033111:48:01 203
2013033111:49:01 11
2013033111:50:01 8
2013033111:51:01 183
2013033111:52:01 11
2013033111:53:01 11
2013033111:54:01 220
2013033111:55:01 9
2013033111:56:01 285
2013033111:57:01 169
2013033111:58:01 11
2013033111:59:01 324
2013033112:00:01 111
2013033112:01:01 14
2013033112:02:01 315
2013033112:03:01 12
2013033112:04:01 288
2013033112:05:01 278
2013033112:06:01 9
2013033112:07:01 458
2013033112:08:01 192
2013033112:09:01 51
2013033112:10:01 420
2013033112:11:01 109
2013033112:12:01 439
2013033112:13:01 278
2013033112:14:01 16
2013033112:15:01 436
2013033112:16:01 308
2013033112:17:01 11
2013033112:18:02 297
2013033112:19:01 254
2013033112:20:01 11
2013033112:21:01 248
2013033112:22:01 180
2013033112:23:01 113
2013033112:24:01 64
2013033112:25:01 118
2013033112:26:01 323
2013033112:27:01 250
2013033112:28:01 69
2013033112:29:01 298
2013033112:30:01 332
2013033112:31:01 52
2013033112:32:01 239
2013033112:33:01 313
2013033112:34:01 12
2013033112:35:01 203
2013033112:36:01 289
2013033112:37:01 16
2013033112:38:01 127
2013033112:39:01 198
2013033112:40:01 83
2013033112:41:01 51
2013033112:42:01 153
2013033112:43:01 283
2013033112:44:01 48
2013033112:45:01 89
2013033112:46:01 249
2013033112:47:01 312
2013033112:48:01 45
2013033112:49:02 204
2013033112:50:01 351
2013033112:51:01 19
2013033112:52:01 179
2013033112:53:01 291
2013033112:54:01 328
2013033112:55:01 10
2013033112:56:01 243
2013033112:57:01 305
2013033112:58:01 12
2013033112:59:01 199
2013033113:00:01 272
2013033113:01:01 13
2013033113:02:01 172
2013033113:03:01 213
2013033113:04:01 15
2013033113:05:01 130
2013033113:06:01 178
2013033113:07:01 59
2013033113:08:01 90
2013033113:09:01 118
2013033113:10:01 353
2013033113:11:01 40
2013033113:12:01 75
2013033113:13:01 312
2013033113:14:01 305
2013033113:15:01 10
2013033113:16:01 259
2013033113:17:01 309
2013033113:18:01 10
2013033113:19:01 264
2013033113:20:01 254
2013033113:21:01 13
2013033113:22:01 152
2013033113:23:01 228
2013033113:24:01 18
2013033113:25:01 133
2013033113:26:02 122
2013033113:27:01 160
2013033113:28:01 68
2013033113:29:01 92
2013033113:30:01 180
2013033113:31:01 271
2013033113:32:01 7
2013033113:33:01 439
2013033113:34:01 301
2013033113:35:01 9
2013033113:36:01 246
2013033113:37:01 262
2013033113:38:01 17
2013033113:39:01 425
2013033113:40:01 165
2013033113:41:01 8
2013033113:42:01 395
2013033113:43:01 131
2013033113:44:01 11
2013033113:45:01 335
2013033113:46:01 82
2013033113:47:01 90
2013033113:48:01 307
2013033113:49:01 38
2013033113:50:01 482
2013033113:51:01 265
2013033113:52:01 7
2013033113:53:01 451
2013033113:54:01 231
2013033113:55:01 8
2013033113:56:01 466
2013033113:57:01 163
2013033113:58:01 11
2013033113:59:01 357
2013033114:00:01 131
2013033114:01:01 11
2013033114:02:01 310
2013033114:03:02 94
2013033114:04:01 11
2013033114:05:01 293
2013033114:06:01 23
2013033114:07:01 16
2013033114:08:01 284
2013033114:09:01 28
2013033114:10:01 360
2013033114:11:01 233
2013033114:12:01 11
2013033114:13:01 400
2013033114:14:01 195
2013033114:15:01 9
2013033114:16:01 334
2013033114:17:01 147
2013033114:18:01 7
2013033114:19:01 314
2013033114:20:01 120
2013033114:21:01 10
2013033114:22:01 279
2013033114:23:01 34
2013033114:24:01 13
2013033114:25:01 277
2013033114:26:01 11
2013033114:27:01 30
2013033114:28:01 237
2013033114:29:01 8
2013033114:30:01 363
2013033114:31:01 207
2013033114:32:01 7
2013033114:33:01 385
2013033114:34:01 183
2013033114:35:01 7
2013033114:36:01 344
2013033114:37:01 136
2013033114:38:01 9
2013033114:39:01 279
2013033114:40:01 69
2013033114:41:01 14
2013033114:42:01 309
2013033114:43:01 39
2013033114:44:01 17
2013033114:45:01 263
2013033114:46:01 12
2013033114:47:01 455
2013033114:48:01 229
2013033114:49:01 14
2013033114:50:01 461
2013033114:51:01 187
2013033114:52:01 9
2013033114:53:01 386
2013033114:54:01 145
2013033114:55:01 16
2013033114:56:01 346
2013033114:57:01 98
2013033114:58:01 168
2013033114:59:01 327
2013033115:00:01 35
2013033115:01:01 282
2013033115:02:01 295
2013033115:03:01 10
2013033115:04:01 225
2013033115:05:01 244
2013033115:06:01 10
2013033115:07:01 144
2013033115:08:01 205
2013033115:09:01 78
2013033115:10:01 66
2013033115:11:01 160
2013033115:12:01 329
2013033115:13:01 18
2013033115:14:01 128
2013033115:15:01 227
2013033115:16:01 265
2013033115:17:01 54
2013033115:18:01 186
2013033115:19:01 303
2013033115:20:01 7
2013033115:21:01 158
2013033115:22:01 265
2013033115:23:01 10
2013033115:24:01 141
2013033115:25:01 253
2013033115:26:01 20
2013033115:27:01 76
2013033115:28:01 207
2013033115:29:01 103
2013033115:30:01 89
2013033115:31:01 132
2013033115:32:01 330
2013033115:33:01 24
2013033115:34:01 100
2013033115:35:01 150
2013033115:36:01 283
2013033115:37:01 11
2013033115:38:01 250
2013033115:39:01 298
2013033115:40:01 17
2013033115:41:01 308
2013033115:42:01 227
2013033115:43:01 10
2013033115:44:01 324
2013033115:45:01 199
2013033115:46:01 423
2013033115:47:01 312
2013033115:48:01 133
2013033115:49:01 47
2013033115:50:01 354
2013033115:51:01 94
2013033115:52:01 478
2013033115:53:01 304
2013033115:54:01 28
2013033115:55:01 441
2013033115:56:01 272
2013033115:57:01 10
2013033115:58:01 442
2013033115:59:01 267
2013033116:00:01 12
2013033116:01:01 460
2013033116:02:01 199
2013033116:03:01 10
2013033116:04:01 442
2013033116:05:01 161
2013033116:06:01 18
2013033116:07:01 349
2013033116:08:01 82
2013033116:09:01 35
2013033116:10:01 104
2013033116:11:01 115
2013033116:12:01 174
2013033116:13:01 11
2013033116:14:01 90
2013033116:15:01 57
2013033116:16:01 37
2013033116:17:01 12
2013033116:18:01 49
2013033116:19:01 73
2013033116:20:01 8
2013033116:21:01 13
2013033116:22:01 47
2013033116:23:01 56
2013033116:24:01 7
2013033116:25:01 8
2013033116:26:01 8
2013033116:27:01 5
2013033116:28:01 8
2013033116:29:01 5
2013033116:30:01 8
2013033116:31:01 35
2013033116:32:01 77
2013033116:33:01 43
2013033116:34:01 6
2013033116:35:01 11
2013033116:36:01 75
2013033116:37:01 33
2013033116:38:01 7
2013033116:39:01 9
2013033116:40:01 8
2013033116:41:01 9
2013033116:42:01 13
2013033116:43:01 102
2013033116:44:01 3
2013033116:45:01 7
2013033116:46:01 9
2013033116:47:01 108
2013033116:48:01 9
2013033116:49:01 13
2013033116:50:01 10
2013033116:51:01 11
2013033116:52:01 49
2013033116:53:01 119
2013033116:54:01 6
2013033116:55:01 9
2013033116:56:01 20
2013033116:57:01 92
2013033116:58:01 24
2013033116:59:01 11
2013033117:00:01 10
2013033117:01:01 11
2013033117:02:01 12
2013033117:03:01 100
2013033117:04:01 9
2013033117:05:01 15
2013033117:06:01 13
2013033117:07:01 94
2013033117:08:01 56
2013033117:09:01 20
2013033117:10:01 10
2013033117:11:01 13
2013033117:12:01 12
2013033117:13:01 119
2013033117:14:01 10
2013033117:15:01 10
2013033117:16:01 9
2013033117:17:01 53
2013033117:18:01 80
2013033117:19:01 8
2013033117:20:01 9
2013033117:21:01 10
2013033117:22:01 13
2013033117:23:01 110
2013033117:24:01 14
2013033117:25:01 11
2013033117:26:01 11
2013033117:27:01 87
2013033117:28:01 87
2013033117:29:01 10
2013033117:30:01 5
2013033117:31:01 7
2013033117:32:01 49
2013033117:33:01 83
2013033117:34:01 14
2013033117:35:01 14
2013033117:36:01 9
2013033117:37:01 44
2013033117:38:01 60
2013033117:39:01 10
2013033117:40:01 10
2013033117:41:01 17
2013033117:42:01 122
2013033117:43:01 43
2013033117:44:01 11
2013033117:45:01 11
2013033117:46:01 13
2013033117:47:01 69
2013033117:48:01 79
2013033117:49:01 9
2013033117:50:01 9
2013033117:51:01 10
2013033117:52:01 103
2013033117:53:01 12
2013033117:54:01 12
2013033117:55:01 7
2013033117:56:01 11
2013033117:57:01 99
2013033117:58:01 39
2013033117:59:01 7
2013033118:00:01 13
2013033118:01:01 105
2013033118:02:02 70
2013033118:03:01 13
2013033118:04:01 12
2013033118:05:01 14
2013033118:06:01 9
2013033118:07:01 115
2013033118:08:01 9
2013033118:09:01 56
2013033118:10:01 15
2013033118:11:01 107
2013033118:12:01 12
2013033118:13:01 11
2013033118:14:01 11
2013033118:15:01 12
2013033118:16:01 65
2013033118:17:01 79
2013033118:18:01 6
2013033118:19:01 12
2013033118:20:01 80
2013033118:21:01 54
2013033118:22:01 8
2013033118:23:01 8
2013033118:24:01 9
2013033118:25:01 9
2013033118:26:01 85
2013033118:27:01 60
2013033118:28:01 10
2013033118:29:01 12
2013033118:30:01 98
2013033118:31:01 10
2013033118:32:01 10
2013033118:33:01 17
2013033118:34:01 20
2013033118:35:01 10
2013033118:36:01 116
2013033118:37:01 12
2013033118:38:01 9
2013033118:39:01 110
2013033118:40:01 22
2013033118:41:02 10
2013033118:42:01 9
2013033118:43:01 7
2013033118:44:01 8
2013033118:45:01 16
2013033118:46:01 93
2013033118:47:01 12
2013033118:48:01 81
2013033118:49:01 57
2013033118:50:01 12
2013033118:51:01 17
2013033118:52:01 10
2013033118:53:01 8
2013033118:54:01 12
2013033118:55:01 118
2013033118:56:01 22
2013033118:57:01 9
2013033118:58:02 113
2013033118:59:01 11
2013033119:00:01 7
2013033119:01:01 11
2013033119:02:01 12
2013033119:03:01 14
2013033119:04:01 119
2013033119:05:01 75
2013033119:06:01 14
2013033119:07:01 124
2013033119:08:01 11
2013033119:09:01 24
2013033119:10:01 14
2013033119:11:01 11
2013033119:12:01 14
2013033119:13:01 75
2013033119:14:01 64
2013033119:15:01 13
2013033119:16:01 115
2013033119:17:01 10
2013033119:18:01 14
2013033119:19:01 13
2013033119:20:01 18
2013033119:21:01 13
2013033119:22:01 38
2013033119:23:01 94
2013033119:24:02 15
2013033119:25:01 75
2013033119:26:01 9
2013033119:27:01 11
2013033119:28:01 12
2013033119:29:01 10
2013033119:30:01 10
2013033119:31:01 122
2013033119:32:01 62
2013033119:33:01 120
2013033119:34:01 72
2013033119:35:01 18
2013033119:36:01 13
2013033119:37:01 10
2013033119:38:01 78
2013033119:39:01 123
2013033119:40:01 157
2013033119:41:01 18
2013033119:42:01 141
2013033119:43:01 12
2013033119:44:01 14
2013033119:45:01 11
2013033119:46:01 12
2013033119:47:01 7
2013033119:48:01 69
2013033119:49:01 79
2013033119:50:01 137
2013033119:51:01 40
2013033119:52:01 19
2013033119:53:01 14
2013033119:54:01 13
2013033119:55:01 17
2013033119:56:01 11
2013033119:57:01 153
2013033119:58:01 32
2013033119:59:01 102
2013033120:00:01 13
2013033120:01:01 11
2013033120:02:01 9
2013033120:03:01 8
2013033120:04:01 12
2013033120:05:01 137
2013033120:06:01 95
2013033120:07:01 149
2013033120:08:01 11
2013033120:09:01 53
2013033120:10:01 13
2013033120:11:01 12
2013033120:12:01 11
2013033120:13:01 65
2013033120:14:01 141
2013033120:15:01 103
2013033120:16:01 106
2013033120:17:01 12
2013033120:18:01 17
2013033120:19:01 16
2013033120:20:01 11
2013033120:21:01 9
2013033120:22:01 165
2013033120:23:01 69
2013033120:24:01 164
2013033120:25:01 12
2013033120:26:01 10
2013033120:27:01 9
2013033120:28:01 12
2013033120:29:01 15
2013033120:30:01 61
2013033120:31:01 168
2013033120:32:01 137
2013033120:33:01 81
2013033120:34:01 17
2013033120:35:01 16
2013033120:36:01 16
2013033120:37:01 13
2013033120:38:01 13
2013033120:39:01 134
2013033120:40:01 99
2013033120:41:01 150
2013033120:42:01 10
2013033120:43:01 10
2013033120:44:01 13
2013033120:45:01 18
2013033120:46:01 10
2013033120:47:01 14
2013033120:48:01 144
2013033120:49:01 140
2013033120:50:01 38
2013033120:51:01 10
2013033120:52:01 14
2013033120:53:01 8
2013033120:54:01 16
2013033120:55:01 13
2013033120:56:01 149
2013033120:57:01 32
2013033120:58:01 96
2013033120:59:01 11
2013033121:00:01 14
2013033121:01:01 10
2013033121:02:01 15
2013033121:03:01 19
2013033121:04:01 151
2013033121:05:01 94
2013033121:06:01 106
2013033121:07:01 15
2013033121:08:01 16
2013033121:09:01 63
2013033121:10:01 19
2013033121:11:01 16
2013033121:12:01 102
2013033121:13:01 100
2013033121:14:01 165
2013033121:15:01 15
2013033121:16:01 12
2013033121:17:01 12
2013033121:18:01 20
2013033121:19:01 13
2013033121:20:01 23
2013033121:21:01 158
2013033121:22:01 156
2013033121:23:01 23
2013033121:24:01 10
2013033121:25:01 10
2013033121:26:01 17
2013033121:27:01 12
2013033121:28:01 12
2013033121:29:01 191
2013033121:30:01 156
2013033121:31:01 44
2013033121:32:01 11
2013033121:33:01 13
2013033121:34:01 8
2013033121:35:01 14
2013033121:36:01 58
2013033121:37:01 202
2013033121:38:01 156
2013033121:39:01 48
2013033121:40:02 12
2013033121:41:01 13
2013033121:42:01 13
2013033121:43:01 20
2013033121:44:01 62
2013033121:45:01 150
2013033121:46:01 202
2013033121:47:01 16
2013033121:48:01 15
2013033121:49:01 16
2013033121:50:01 13
2013033121:51:01 16
2013033121:52:01 54
2013033121:53:01 180
2013033121:54:01 187
2013033121:55:01 15
2013033121:56:01 15
2013033121:57:01 11
2013033121:58:01 19
2013033121:59:01 19
2013033122:00:01 44
2013033122:01:01 160
2013033122:02:01 180
2013033122:03:01 15
2013033122:04:01 20
2013033122:05:01 9
2013033122:06:01 16
2013033122:07:01 18
2013033122:08:01 169
2013033122:09:01 147
2013033122:10:01 144
2013033122:11:01 15
2013033122:12:01 15
2013033122:13:01 19
2013033122:14:01 10
2013033122:15:01 45
2013033122:16:01 265
2013033122:17:01 25
2013033122:18:01 149
2013033122:19:01 10
2013033122:20:01 11
2013033122:21:01 18
2013033122:22:01 20
2013033122:23:01 108
2013033122:24:01 142
2013033122:25:01 175
2013033122:26:01 47
2013033122:27:01 13
2013033122:28:01 15
2013033122:29:01 11
2013033122:30:01 14
2013033122:31:01 200
2013033122:32:01 55
2013033122:33:01 152
2013033122:34:01 13
2013033122:35:01 17
2013033122:36:01 16
2013033122:37:01 12
2013033122:38:02 15
2013033122:39:01 189
2013033122:40:01 195
2013033122:41:01 98
2013033122:42:01 12
2013033122:43:01 13
2013033122:44:01 18
2013033122:45:01 17
2013033122:46:01 169
2013033122:47:01 61
2013033122:48:01 198
2013033122:49:01 16
2013033122:50:01 15
2013033122:51:01 18
2013033122:52:01 20
2013033122:53:01 21
2013033122:54:01 185
2013033122:55:01 12
2013033122:56:01 111
2013033122:57:01 12
2013033122:58:01 11
2013033122:59:01 8
2013033123:00:01 12
2013033123:01:01 16
2013033123:02:01 162
2013033123:03:01 13
2013033123:04:01 137
2013033123:05:01 14
2013033123:06:01 12
2013033123:07:02 16
2013033123:08:01 17
2013033123:09:01 88
2013033123:10:01 19
2013033123:11:01 76
2013033123:12:01 150
2013033123:13:01 14
2013033123:14:01 18
2013033123:15:01 12
2013033123:16:01 18
2013033123:17:01 13
2013033123:18:02 13
2013033123:19:01 167
2013033123:20:01 96
2013033123:21:01 11
2013033123:22:01 15
2013033123:23:01 15
2013033123:24:01 11
2013033123:25:01 12
2013033123:26:01 135
2013033123:27:01 207
2013033123:28:01 14
2013033123:29:01 9
2013033123:30:01 16
2013033123:31:01 13
2013033123:32:01 16
2013033123:33:01 12
2013033123:34:01 68
2013033123:35:01 175
2013033123:36:01 16
2013033123:37:01 13
2013033123:38:01 13
2013033123:39:01 13
2013033123:40:01 11
2013033123:41:01 13
2013033123:42:01 8
2013033123:43:01 14
2013033123:44:01 63
2013033123:45:01 128
2013033123:46:01 14
2013033123:47:01 12
2013033123:48:01 10
2013033123:49:01 17
2013033123:50:01 9
2013033123:51:01 11
2013033123:52:01 14
2013033123:53:01 17
2013033123:54:01 175
2013033123:55:01 309
2013033123:56:01 190
2013033123:57:01 12
2013033123:58:01 15
2013033123:59:01 11
